file_list=["ability.ext_28.xlsx","ability_27.xlsx","accumulator.xlsx",
 "achievement.gift_31.xlsx","achievement_29.xlsx","active_74.xlsx",
 "ai_71.xlsx","arena_pvp_card.xlsx","arena_pvp_odds.xlsx",
 "arena_pvp_reward_115.xlsx","arena_pvp_score.xlsx","arena_pvp_shop_73.xlsx",
 "arena_rank_interval_68.xlsx","arena_reward_19.xlsx","bless.xlsx",
 "bless_copy.xlsx","boss_config.xlsx","boss_data.xlsx",
 "boss_reward_config.xlsx","buff_20.xlsx","camp_10.xlsx","caravan_35.xlsx",
 "chess_126.xlsx","chess_goods_130.xlsx","commerce.cost.xlsx","commerce.xlsx",
 "copy_single_04.xlsx","encounter_72.xlsx","encounter_type.xlsx",
 "equip.suit.attribute_15.xlsx","equip.suit_14.xlsx",
 "equip_soul_make_77.xlsx","furnace.forge_22.xlsx",
 "furnace.goods.forge_24.xlsx","furnace.soul_76.xlsx",
 "furnace.strengthen.cost_23.xlsx","furnace.strengthen_end_67.xlsx",
 "furnace_special_equip.xlsx","gather_58.xlsx","goods.drop_82.xlsx",
 "goods_box_01.xlsx","goods_buff_01.xlsx","goods_egg_01.xlsx",
 "goods_equip_66.xlsx","goods_func_01.xlsx","goods_package_01.xlsx",
 "goods_skill_book_01.xlsx","goods_stage_01.xlsx","goods_supply_01.xlsx",
 "goods_task_01.xlsx","guild_donate_48.xlsx","guild_magic_50.xlsx",
 "guild_party_odds.xlsx","guild_party_reward.xlsx","guild_party_score.xlsx",
 "guild_position_107.xlsx","guild_siege_defeat.xlsx",
 "guild_siege_encourage.xlsx","guild_siege_score.xlsx","guild_skill_49.xlsx",
 "guild_operate.xlsx","home_base_86.xlsx","home.girl.info_85.xlsx",
 "horse_89.xlsx","horse_attr.xlsx","horse_lv_46.xlsx","horse_mall_lv.xlsx",
 "horse_skill_87.xlsx","home_info_84.xlsx","home_girlskill_98.xlsx",
 "home_office_task_96.xlsx","invasion.gift_88.xlsx","invasion_47.xlsx",
 "lottery.xlsx","mall_18.xlsx","map_02.xlsx","mind.secret_40.xlsx",
 "mind.score.shop_119.xlsx","mind_39.xlsx","mintmark.cost_81.xlsx",
 "monster_08.xlsx","multi_copy_69.xlsx","multi_copy_serial_70.xlsx",
 "novice.guide_62.xlsx","novice.money.xlsx","npc_03.xlsx",
 "partner.assemble_11.xlsx","partner.help.rate.xlsx","partner.lookfor.xlsx",
 "partner_07.xlsx","player.cultivation_63.xlsx","player.init.xlsx",
 "player.level_12.xlsx","player.position_32.xlsx","player.pro.rate_13.xlsx",
 "player.state.xlsx","player.vip.deposit_105.xlsx","player.vip_51.xlsx",
 "player_train_cost_52.xlsx","practice_110.xlsx","pray_34.xlsx",
 "pullulation_79.xlsx","rank_reward_112.xlsx","rune.chest_56.xlsx",
 "rune_111.xlsx","schedule.playing_100.xlsx","schedule.gift_37.xlsx",
 "schedule.guide_36.xlsx","shop_21.xlsx","skill_17.xlsx","spring.xlsx",
 "task.lib.xlsx","task_09.xlsx","title_30.xlsx","tower_41.xlsx",
 "welfare_33.xlsx","furnace_stren_color_91.xlsx","pullulation.power_92.xlsx",
 "world_config.xlsx","world_buff_97.xlsx","world_monster_99.xlsx",
 "player.play.state.xlsx","player.gift.reward_103.xlsx","party.xlsx",
 "party_box.xlsx","party_pos.xlsx","party_reward_147.xlsx",
 "rank_explain.xlsx","mall_sale_102.xlsx","mall_ride_101.xlsx",
 "new_serv_achieve_108.xlsx","new_serv_rank_109.xlsx","arena_rank_show.xlsx",
 "invasion.doll.xlsx","camp_pvp_resource.xlsx","camp_pvp_monster.xlsx",
 "camp_pvp_config.xlsx","camp_pvp_award.xlsx","camp_pvp_event.xlsx",
 "camp_pvp_data.xlsx","battle_enlarge.xlsx","weapon_120.xlsx",
 "weapon_attr_121.xlsx","single_arena_robot.xlsx",
 "player_combine_reward.xlsx","mail_125.xlsx","active_rate.xlsx",
 "guild_pvp_boss.xlsx","guild_pvp_award.xlsx","guild_pvp_skill.xlsx",
 "welfare_deposit_122.xlsx","welfare_deposit_time_123.xlsx",
 "boss_hurt_reward.xlsx","table_diff.xlsx","table_version.xlsx",
 "active.time.xlsx","furnace_fashion_128.xlsx",
 "furnace_fashion_attr_129.xlsx","task_line.xlsx","furnace.stone_131.xlsx",
 "equip_stone_compose_132.xlsx","train_rate_133.xlsx",
 "arena_score_shop_135.xlsx","arena_score_reward_134.xlsx",
 "new_serv_turn_138.xlsx","camp_pvp_shop_139.xlsx",
 "new_serv_deposit_140.xlsx","new_serv_honor_rank_141.xlsx",
 "arena_pvp_cross_115.xlsx","horse_skin_137.xlsx","resource_lookfor_145.xlsx",
 "mod_switcher.xlsx","snow_146.xlsx","yunying_activity.xlsx",
 "goods_drop_sub.xlsx","platform_info_155.xlsx",
 "new_serv_achieve_ext_143.xlsx","server_info.xlsx","exchange_148.xlsx",
 "stone_compose_149.xlsx","cross_arena_achieve_152.xlsx",
 "cross_arena_interval.xlsx","cross_arena_reward_153.xlsx",
 "cross_arena_robot.xlsx","cross_arena_shop_154.xlsx",
 "partner_exchange_150.xlsx","card_lottery_151.xlsx","welfare_fund_156.xlsx",
 "archery_place.xlsx","archery_bonus.xlsx","encroach_164.xlsx",
 "encroach_pos.xlsx","encroach_lottery_165.xlsx","shop_secret_161.xlsx",
 "latern_mon.xlsx","yunying_stone_value_162.xlsx","shop_score_160.xlsx",
 "riddle_159.xlsx","gun_award_active_157.xlsx","gun_award_level_158.xlsx",
 "chest_163.xlsx","teach_167.xlsx","mixed_serv_reward_168.xlsx",
 "partner_soul_169.xlsx","partner_star_170.xlsx","act_time_175.xlsx",
 "act_turn.xlsx","kb_treasure_171.xlsx","hundred_serv_172.xlsx",
 "limit_mall_173.xlsx"]
