err=no this file["teach.xlsx"]
r|function_clause
[{data_trans_w_serv,start_link,
                    [<0.39.0>,archery_bonus],
                    [{file,"e:/WORKSP~1/server/data/zh_CN/../../src/mod_data_trans/data_trans_w_serv.erl"},
                     {line,19}]},
 {data_trans_m_serv,start_disappear_continue,0,
                    [{file,"e:/WORKSP~1/server/data/zh_CN/../../src/mod_data_trans/data_trans_m_serv.erl"},
                     {line,280}]},
 {data_trans_m_serv,do_cast,2,
                    [{file,"e:/WORKSP~1/server/data/zh_CN/../../src/mod_data_trans/data_trans_m_serv.erl"},
                     {line,149}]},
 {data_trans_m_serv,handle_cast,2,
                    [{file,"e:/WORKSP~1/server/data/zh_CN/../../src/mod_data_trans/data_trans_m_serv.erl"},
                     {line,80}]},
 {gen_server,handle_msg,5,[{file,"gen_server.erl"},{line,607}]},
 {proc_lib,init_p_do_apply,3,[{file,"proc_lib.erl"},{line,227}]}]
error=data_trans_m_serv|86|error|function_clause
[{data_trans_w_serv,start_link,
                    [<0.39.0>,archery_place],
                    [{file,"e:/WORKSP~1/server/data/zh_CN/../../src/mod_data_trans/data_trans_w_serv.erl"},
                     {line,19}]},
 {data_trans_m_serv,start_disappear_continue,0,
                    [{file,"e:/WORKSP~1/server/data/zh_CN/../../src/mod_data_trans/data_trans_m_serv.erl"},
                     {line,280}]},
 {data_trans_m_serv,do_cast,2,
                    [{file,"e:/WORKSP~1/server/data/zh_CN/../../src/mod_data_trans/data_trans_m_serv.erl"},
                     {line,149}]},
 {data_trans_m_serv,handle_cast,2,
                    [{file,"e:/WORKSP~1/server/data/zh_CN/../../src/mod_data_trans/data_trans_m_serv.erl"},
                     {line,80}]},
 {gen_server,handle_msg,5,[{file,"gen_server.erl"},{line,607}]},
 {proc_lib,init_p_do_apply,3,[{file,"proc_lib.erl"},{line,227}]}]
error=data_trans_m_serv|86|error|function_clause
[{data_trans_w_serv,start_link,
                    [<0.39.0>,welfare_fund_156],
                    [{file,"e:/WORKSP~1/server/data/zh_CN/../../src/mod_data_trans/data_trans_w_serv.erl"},
                     {line,19}]},
 {data_trans_m_serv,start_disappear_continue,0,
                    [{file,"e:/WORKSP~1/server/data/zh_CN/../../src/mod_data_trans/data_trans_m_serv.erl"},
                     {line,280}]},
 {data_trans_m_serv,do_cast,2,
                    [{file,"e:/WORKSP~1/server/data/zh_CN/../../src/mod_data_trans/data_trans_m_serv.erl"},
                     {line,149}]},
 {data_trans_m_serv,handle_cast,2,
                    [{file,"e:/WORKSP~1/server/data/zh_CN/../../src/mod_data_trans/data_trans_m_serv.erl"},
                     {line,80}]},
 {gen_server,handle_msg,5,[{file,"gen_server.erl"},{line,607}]},
 {proc_lib,init_p_do_apply,3,[{file,"proc_lib.erl"},{line,227}]}]
error=data_trans_m_serv|86|error|function_clause
[{data_trans_w_serv,start_link,
                    [<0.39.0>,card_lottery_151],
                    [{file,"e:/WORKSP~1/server/data/zh_CN/../../src/mod_data_trans/data_trans_w_serv.erl"},
                     {line,19}]},
 {data_trans_m_serv,start_disappear_continue,0,
                    [{file,"e:/WORKSP~1/server/data/zh_CN/../../src/mod_data_trans/data_trans_m_serv.erl"},
                     {line,280}]},
 {data_trans_m_serv,do_cast,2,
                    [{file,"e:/WORKSP~1/server/data/zh_CN/../../src/mod_data_trans/data_trans_m_serv.erl"},
                     {line,149}]},
 {data_trans_m_serv,handle_cast,2,
                    [{file,"e:/WORKSP~1/server/data/zh_CN/../../src/mod_data_trans/data_trans_m_serv.erl"},
                     {line,80}]},
 {gen_server,handle_msg,5,[{file,"gen_server.erl"},{line,607}]},
 {proc_lib,init_p_do_apply,3,[{file,"proc_lib.erl"},{line,227}]}]
error=data_trans_m_serv|86|error|function_clause
[{data_trans_w_serv,start_link,
                    [<0.39.0>,partner_exchange_150],
                    [{file,"e:/WORKSP~1/server/data/zh_CN/../../src/mod_data_trans/data_trans_w_serv.erl"},
                     {line,19}]},
 {data_trans_m_serv,start_disappear_continue,0,
                    [{file,"e:/WORKSP~1/server/data/zh_CN/../../src/mod_data_trans/data_trans_m_serv.erl"},
                     {line,280}]},
 {data_trans_m_serv,do_cast,2,
                    [{file,"e:/WORKSP~1/server/data/zh_CN/../../src/mod_data_trans/data_trans_m_serv.erl"},
                     {line,149}]},
 {data_trans_m_serv,handle_cast,2,
                    [{file,"e:/WORKSP~1/server/data/zh_CN/../../src/mod_data_trans/data_trans_m_serv.erl"},
                     {line,80}]},
 {gen_server,handle_msg,5,[{file,"gen_server.erl"},{line,607}]},
 {proc_lib,init_p_do_apply,3,[{file,"proc_lib.erl"},{line,227}]}]
error=data_trans_m_serv|86|error|function_clause
[{data_trans_w_serv,start_link,
                    [<0.39.0>,cross_arena_shop_154],
                    [{file,"e:/WORKSP~1/server/data/zh_CN/../../src/mod_data_trans/data_trans_w_serv.erl"},
                     {line,19}]},
 {data_trans_m_serv,start_disappear_continue,0,
                    [{file,"e:/WORKSP~1/server/data/zh_CN/../../src/mod_data_trans/data_trans_m_serv.erl"},
                     {line,280}]},
 {data_trans_m_serv,do_cast,2,
                    [{file,"e:/WORKSP~1/server/data/zh_CN/../../src/mod_data_trans/data_trans_m_serv.erl"},
                     {line,149}]},
 {data_trans_m_serv,handle_cast,2,
                    [{file,"e:/WORKSP~1/server/data/zh_CN/../../src/mod_data_trans/data_trans_m_serv.erl"},
                     {line,80}]},
 {gen_server,handle_msg,5,[{file,"gen_server.erl"},{line,607}]},
 {proc_lib,init_p_do_apply,3,[{file,"proc_lib.erl"},{line,227}]}]
error=data_trans_m_serv|86|error|function_clause
[{data_trans_w_serv,start_link,
                    [<0.39.0>,cross_arena_robot],
                    [{file,"e:/WORKSP~1/server/data/zh_CN/../../src/mod_data_trans/data_trans_w_serv.erl"},
                     {line,19}]},
 {data_trans_m_serv,start_disappear_continue,0,
                    [{file,"e:/WORKSP~1/server/data/zh_CN/../../src/mod_data_trans/data_trans_m_serv.erl"},
                     {line,280}]},
 {data_trans_m_serv,do_cast,2,
                    [{file,"e:/WORKSP~1/server/data/zh_CN/../../src/mod_data_trans/data_trans_m_serv.erl"},
                     {line,149}]},
 {data_trans_m_serv,handle_cast,2,
                    [{file,"e:/WORKSP~1/server/data/zh_CN/../../src/mod_data_trans/data_trans_m_serv.erl"},
                     {line,80}]},
 {gen_server,handle_msg,5,[{file,"gen_server.erl"},{line,607}]},
 {proc_lib,init_p_do_apply,3,[{file,"proc_lib.erl"},{line,227}]}]
error=data_trans_m_serv|86|error|function_clause
[{data_trans_w_serv,start_link,
                    [<0.39.0>,cross_arena_reward_153],
                    [{file,"e:/WORKSP~1/server/data/zh_CN/../../src/mod_data_trans/data_trans_w_serv.erl"},
                     {line,19}]},
 {data_trans_m_serv,start_disappear_continue,0,
                    [{file,"e:/WORKSP~1/server/data/zh_CN/../../src/mod_data_trans/data_trans_m_serv.erl"},
                     {line,280}]},
 {data_trans_m_serv,do_cast,2,
                    [{file,"e:/WORKSP~1/server/data/zh_CN/../../src/mod_data_trans/data_trans_m_serv.erl"},
                     {line,149}]},
 {data_trans_m_serv,handle_cast,2,
                    [{file,"e:/WORKSP~1/server/data/zh_CN/../../src/mod_data_trans/data_trans_m_serv.erl"},
                     {line,80}]},
 {gen_server,handle_msg,5,[{file,"gen_server.erl"},{line,607}]},
 {proc_lib,init_p_do_apply,3,[{file,"proc_lib.erl"},{line,227}]}]
error=data_trans_m_serv|86|error|function_clause
[{data_trans_w_serv,start_link,
                    [<0.39.0>,cross_arena_interval],
                    [{file,"e:/WORKSP~1/server/data/zh_CN/../../src/mod_data_trans/data_trans_w_serv.erl"},
                     {line,19}]},
 {data_trans_m_serv,start_disappear_continue,0,
                    [{file,"e:/WORKSP~1/server/data/zh_CN/../../src/mod_data_trans/data_trans_m_serv.erl"},
                     {line,280}]},
 {data_trans_m_serv,do_cast,2,
                    [{file,"e:/WORKSP~1/server/data/zh_CN/../../src/mod_data_trans/data_trans_m_serv.erl"},
                     {line,149}]},
 {data_trans_m_serv,handle_cast,2,
                    [{file,"e:/WORKSP~1/server/data/zh_CN/../../src/mod_data_trans/data_trans_m_serv.erl"},
                     {line,80}]},
 {gen_server,handle_msg,5,[{file,"gen_server.erl"},{line,607}]},
 {proc_lib,init_p_do_apply,3,[{file,"proc_lib.erl"},{line,227}]}]
error=data_trans_m_serv|86|error|function_clause
[{data_trans_w_serv,start_link,
                    [<0.39.0>,cross_arena_achieve_152],
                    [{file,"e:/WORKSP~1/server/data/zh_CN/../../src/mod_data_trans/data_trans_w_serv.erl"},
                     {line,19}]},
 {data_trans_m_serv,start_disappear_continue,0,
                    [{file,"e:/WORKSP~1/server/data/zh_CN/../../src/mod_data_trans/data_trans_m_serv.erl"},
                     {line,280}]},
 {data_trans_m_serv,do_cast,2,
                    [{file,"e:/WORKSP~1/server/data/zh_CN/../../src/mod_data_trans/data_trans_m_serv.erl"},
                     {line,149}]},
 {data_trans_m_serv,handle_cast,2,
                    [{file,"e:/WORKSP~1/server/data/zh_CN/../../src/mod_data_trans/data_trans_m_serv.erl"},
                     {line,80}]},
 {gen_server,handle_msg,5,[{file,"gen_server.erl"},{line,607}]},
 {proc_lib,init_p_do_apply,3,[{file,"proc_lib.erl"},{line,227}]}]
